<?xml version="1.0" encoding="UTF-8"?>
<!-- Generated by org.testng.reporters.JUnitReportReporter -->
<testsuite skipped="0" hostname="Sunveeer" name="scripts.ReviewRegistation" tests="1" failures="0" timestamp="31 Jan 2018 17:29:27 GMT" time="101.310" errors="0">
  <testcase name="DRTPNewRegistration" time="101.310" classname="scripts.ReviewRegistation"/>
</testsuite> <!-- scripts.ReviewRegistation -->
