<?xml version="1.0" encoding="UTF-8"?>
<!-- Generated by org.testng.reporters.JUnitReportReporter -->
<testsuite name="scripts.PracticeReport" tests="3" time="0.082" ignored="0" failures="0" timestamp="05 Jan 2018 17:31:58 GMT" skipped="0" hostname="Sunveeer" errors="0">
  <testcase name="testCase3" time="0.008" classname="scripts.PracticeReport"/>
  <testcase name="testCase2" time="0.017" classname="scripts.PracticeReport"/>
  <testcase name="testCase1" time="0.057" classname="scripts.PracticeReport"/>
</testsuite> <!-- scripts.PracticeReport -->
