<?xml version="1.0" encoding="UTF-8"?>
<!-- Generated by org.testng.reporters.JUnitReportReporter -->
<testsuite skipped="0" hostname="Sunveeer" name="scripts.SeleniumEasy" tests="1" failures="0" timestamp="04 Mar 2018 05:00:06 GMT" time="41.409" errors="0">
  <testcase name="testVaidLogIn" time="41.409" classname="scripts.SeleniumEasy"/>
</testsuite> <!-- scripts.SeleniumEasy -->
