<?xml version="1.0" encoding="UTF-8"?>
<!-- Generated by org.testng.reporters.JUnitReportReporter -->
<testsuite skipped="0" hostname="Sunveeer" name="scripts.Validation2" tests="1" failures="0" timestamp="19 Feb 2018 17:18:59 GMT" time="405.586" errors="0">
  <testcase name="testSaveAsDraft" time="405.586" classname="scripts.Validation2"/>
</testsuite> <!-- scripts.Validation2 -->
