<?xml version="1.0" encoding="UTF-8"?>
<!-- Generated by org.testng.reporters.JUnitReportReporter -->
<testsuite name="scripts.TestIEBrowser" tests="1" time="5.748" ignored="0" failures="0" timestamp="19 Jan 2018 04:48:42 GMT" skipped="0" hostname="Sunveeer" errors="0">
  <testcase name="testGooglePageTitleInIEBrowser" time="5.748" classname="scripts.TestIEBrowser"/>
</testsuite> <!-- scripts.TestIEBrowser -->
