<?xml version="1.0" encoding="UTF-8"?>
<!-- Generated by org.testng.reporters.JUnitReportReporter -->
<testsuite name="util.geckolauch" tests="3" time="19.693" ignored="0" failures="0" timestamp="07 Jan 2018 04:29:26 GMT" skipped="0" hostname="Sunveeer" errors="0">
  <testcase name="closeDriver" time="0.028" classname="util.geckolauch"/>
  <testcase name="launchBrowser" time="14.659" classname="util.geckolauch"/>
  <testcase name="openApplication" time="5.006" classname="util.geckolauch"/>
</testsuite> <!-- util.geckolauch -->
