<?xml version="1.0" encoding="UTF-8"?>
<!-- Generated by org.testng.reporters.JUnitReportReporter -->
<testsuite name="scripts.InValidSignInUsingWraappers" tests="1" time="16.370" ignored="0" failures="0" timestamp="08 Jan 2018 13:27:36 GMT" skipped="0" hostname="Sunveeer" errors="0">
  <testcase name="InvaidLogIn" time="16.370" classname="scripts.InValidSignInUsingWraappers"/>
</testsuite> <!-- scripts.InValidSignInUsingWraappers -->
