<?xml version="1.0" encoding="UTF-8"?>
<!-- Generated by org.testng.reporters.JUnitReportReporter -->
<testsuite skipped="0" hostname="Sunveeer" name="scripts.InvalidSignIn" tests="1" failures="0" timestamp="19 Feb 2018 17:18:59 GMT" time="54.436" errors="0">
  <testcase name="testInvaidLogIn" time="54.436" classname="scripts.InvalidSignIn"/>
</testsuite> <!-- scripts.InvalidSignIn -->
