<?xml version="1.0" encoding="UTF-8"?>
<!-- Generated by org.testng.reporters.JUnitReportReporter -->
<testsuite skipped="0" hostname="Sunveeer" name="util.Functionality2" tests="1" failures="0" timestamp="25 Jan 2018 06:57:51 GMT" time="13.205" errors="0">
  <testcase name="functionality2Test1" time="13.205" classname="util.Functionality2"/>
</testsuite> <!-- util.Functionality2 -->
