<?xml version="1.0" encoding="UTF-8"?>
<!-- Generated by org.testng.reporters.JUnitReportReporter -->
<testsuite name="scripts.DraftRegistation" tests="1" time="122.818" ignored="0" failures="0" timestamp="20 Jan 2018 05:53:55 GMT" skipped="0" hostname="Sunveeer" errors="0">
  <testcase name="SaveAsDraft" time="122.818" classname="scripts.DraftRegistation"/>
</testsuite> <!-- scripts.DraftRegistation -->
