<?xml version="1.0" encoding="UTF-8"?>
<!-- Generated by org.testng.reporters.JUnitReportReporter -->
<testsuite skipped="0" hostname="Sunveeer" name="util.Functionality1" tests="1" failures="0" timestamp="25 Jan 2018 06:57:51 GMT" time="15.234" errors="0">
  <testcase name="functionality1Test1" time="15.234" classname="util.Functionality1"/>
</testsuite> <!-- util.Functionality1 -->
